<?xml version="1.0" encoding="UTF-8"?>
<!-- Generated by org.testng.reporters.JUnitReportReporter -->
<testsuite hostname="Alka" failures="0" tests="1" name="Practice.Wipro" time="0.012" errors="0" timestamp="2024-05-21T09:26:48 IST" skipped="0">
  <testcase classname="Practice.Wipro" name="test" time="0.012"/>
  <system-out>
    <![CDATA[https://www.wipro.com/]]>
  </system-out>
</testsuite> <!-- Practice.Wipro -->
