<?xml version="1.0" encoding="UTF-8"?>
<!-- Generated by org.testng.reporters.JUnitReportReporter -->
<testsuite hostname="Alka" failures="0" tests="1" name="Practice.Ibm" time="0.009" errors="0" timestamp="2024-05-21T09:26:56 IST" skipped="0">
  <testcase classname="Practice.Ibm" name="test" time="0.009"/>
  <system-out>
    <![CDATA[https://www.ibm.com/in-en]]>
  </system-out>
</testsuite> <!-- Practice.Ibm -->
