<?xml version="1.0" encoding="UTF-8"?>
<!-- Generated by org.testng.reporters.JUnitReportReporter -->
<testsuite hostname="Alka" failures="0" tests="1" name="Maven.Sample" time="0.012" errors="0" timestamp="2024-05-21T09:15:41 IST" skipped="0">
  <testcase classname="Maven.Sample" name="test" time="0.012"/>
  <system-out>
    <![CDATA[sample class executed]]>
  </system-out>
</testsuite> <!-- Maven.Sample -->
