<?xml version="1.0" encoding="UTF-8"?>
<!-- Generated by org.testng.reporters.JUnitReportReporter -->
<testsuite hostname="Alka" failures="0" tests="1" name="Practice.infosys" time="0.014" errors="0" timestamp="2024-05-21T09:26:09 IST" skipped="0">
  <testcase classname="Practice.infosys" name="test" time="0.014"/>
  <system-out>
    <![CDATA[https://www.infosys.com/]]>
  </system-out>
</testsuite> <!-- Practice.infosys -->
